<?xml version="1.0" encoding="UTF-8"?>
<!-- Generated by org.testng.reporters.JUnitXMLReporter -->
<testsuite hostname="DESKTOP-76P6NKA" ignored="0" name="Default test" tests="2" failures="0" timestamp="2020-09-14T16:38:28 BDT" time="7.381" errors="0">
  <testcase name="PostRequestTest" time="4.475" classname="DataDrivenAPICollection.DataDrivenPostRequest"/>
  <testcase name="PostRequestTest" time="1.519" classname="DataDrivenAPICollection.DataDrivenPostRequest"/>
</testsuite> <!-- Default test -->
