<?xml version="1.0" encoding="UTF-8"?>
<testng-results skipped="0" failed="0" ignored="0" total="2" passed="2">
  <reporter-output>
  </reporter-output>
  <suite name="Default suite" duration-ms="7381" started-at="2020-09-14T16:38:21 BDT" finished-at="2020-09-14T16:38:28 BDT">
    <groups>
    </groups>
    <test name="Default test" duration-ms="7381" started-at="2020-09-14T16:38:21 BDT" finished-at="2020-09-14T16:38:28 BDT">
      <class name="DataDrivenAPICollection.DataDrivenPostRequest">
        <test-method status="PASS" signature="PostRequestTest(java.lang.String, java.lang.String, java.lang.String, java.lang.String, java.lang.String, java.lang.String, java.lang.String)[pri:0, instance:DataDrivenAPICollection.DataDrivenPostRequest@1f7030a6]" name="PostRequestTest" duration-ms="4475" started-at="2020-09-14T16:38:22 BDT" data-provider="empdataprovider" finished-at="2020-09-14T16:38:26 BDT">
          <params>
            <param index="0">
              <value>
                <![CDATA[Almas]]>
              </value>
            </param>
            <param index="1">
              <value>
                <![CDATA[alllal]]>
              </value>
            </param>
            <param index="2">
              <value>
                <![CDATA[25]]>
              </value>
            </param>
            <param index="3">
              <value>
                <![CDATA[34661.0]]>
              </value>
            </param>
            <param index="4">
              <value>
                <![CDATA[01112342341]]>
              </value>
            </param>
            <param index="5">
              <value>
                <![CDATA[almas@almas.com]]>
              </value>
            </param>
            <param index="6">
              <value>
                <![CDATA[almas1991]]>
              </value>
            </param>
          </params>
          <reporter-output>
          </reporter-output>
        </test-method> <!-- PostRequestTest -->
        <test-method status="PASS" signature="PostRequestTest(java.lang.String, java.lang.String, java.lang.String, java.lang.String, java.lang.String, java.lang.String, java.lang.String)[pri:0, instance:DataDrivenAPICollection.DataDrivenPostRequest@1f7030a6]" name="PostRequestTest" duration-ms="1519" started-at="2020-09-14T16:38:27 BDT" data-provider="empdataprovider" finished-at="2020-09-14T16:38:28 BDT">
          <params>
            <param index="0">
              <value>
                <![CDATA[Tushar]]>
              </value>
            </param>
            <param index="1">
              <value>
                <![CDATA[blllbl]]>
              </value>
            </param>
            <param index="2">
              <value>
                <![CDATA[26]]>
              </value>
            </param>
            <param index="3">
              <value>
                <![CDATA[34296.0]]>
              </value>
            </param>
            <param index="4">
              <value>
                <![CDATA[01132423421]]>
              </value>
            </param>
            <param index="5">
              <value>
                <![CDATA[tushar@almas.com]]>
              </value>
            </param>
            <param index="6">
              <value>
                <![CDATA[almas1221]]>
              </value>
            </param>
          </params>
          <reporter-output>
          </reporter-output>
        </test-method> <!-- PostRequestTest -->
      </class> <!-- DataDrivenAPICollection.DataDrivenPostRequest -->
    </test> <!-- Default test -->
  </suite> <!-- Default suite -->
</testng-results>
